<?xml version="1.0" encoding="UTF-8"?>
<testng-results skipped="0" failed="0" ignored="0" total="2" passed="2">
  <reporter-output>
  </reporter-output>
  <suite name="Default suite" duration-ms="48159" started-at="2019-08-10T11:16:05Z" finished-at="2019-08-10T11:16:53Z">
    <groups>
      <group name="cucumber">
        <method signature="AbstractTestNGCucumberTests.runScenario(cucumber.api.testng.PickleEventWrapper, cucumber.api.testng.CucumberFeatureWrapper)[pri:0, instance:com.leafBot.testcases.TC_001_CreateLead@5ed7a6]" name="runScenario" class="cucumber.api.testng.AbstractTestNGCucumberTests"/>
      </group> <!-- cucumber -->
    </groups>
    <test name="Default test" duration-ms="48159" started-at="2019-08-10T11:16:05Z" finished-at="2019-08-10T11:16:53Z">
      <class name="com.leafBot.testcases.TC_001_CreateLead">
        <test-method status="PASS" signature="startReport()[pri:0, instance:com.leafBot.testcases.TC_001_CreateLead@5ed7a6]" name="startReport" is-config="true" duration-ms="444" started-at="2019-08-10T11:16:05Z" finished-at="2019-08-10T11:16:05Z">
          <reporter-output>
          </reporter-output>
        </test-method> <!-- startReport -->
        <test-method status="PASS" signature="setData()[pri:0, instance:com.leafBot.testcases.TC_001_CreateLead@5ed7a6]" name="setData" is-config="true" duration-ms="1" started-at="2019-08-10T11:16:05Z" finished-at="2019-08-10T11:16:05Z">
          <reporter-output>
          </reporter-output>
        </test-method> <!-- setData -->
        <test-method status="PASS" signature="setUpClass()[pri:0, instance:com.leafBot.testcases.TC_001_CreateLead@5ed7a6]" name="setUpClass" is-config="true" duration-ms="169" started-at="2019-08-10T11:16:05Z" finished-at="2019-08-10T11:16:05Z">
          <reporter-output>
          </reporter-output>
        </test-method> <!-- setUpClass -->
        <test-method status="PASS" signature="report()[pri:0, instance:com.leafBot.testcases.TC_001_CreateLead@5ed7a6]" name="report" is-config="true" duration-ms="10" started-at="2019-08-10T11:16:05Z" finished-at="2019-08-10T11:16:05Z">
          <reporter-output>
          </reporter-output>
        </test-method> <!-- report -->
        <test-method status="PASS" signature="beforeMethod()[pri:0, instance:com.leafBot.testcases.TC_001_CreateLead@5ed7a6]" name="beforeMethod" is-config="true" duration-ms="7292" started-at="2019-08-10T11:16:06Z" finished-at="2019-08-10T11:16:13Z">
          <reporter-output>
          </reporter-output>
        </test-method> <!-- beforeMethod -->
        <test-method status="PASS" signature="runLogin(java.lang.String, java.lang.String, java.lang.String, java.lang.String, java.lang.String)[pri:0, instance:com.leafBot.testcases.TC_001_CreateLead@5ed7a6]" name="runLogin" duration-ms="15367" started-at="2019-08-10T11:16:13Z" data-provider="fetchData" finished-at="2019-08-10T11:16:29Z">
          <params>
            <param index="0">
              <value>
                <![CDATA[DemoSalesManager]]>
              </value>
            </param>
            <param index="1">
              <value>
                <![CDATA[crmsfa]]>
              </value>
            </param>
            <param index="2">
              <value>
                <![CDATA[LTI]]>
              </value>
            </param>
            <param index="3">
              <value>
                <![CDATA[Abi]]>
              </value>
            </param>
            <param index="4">
              <value>
                <![CDATA[XXX]]>
              </value>
            </param>
          </params>
          <reporter-output>
          </reporter-output>
        </test-method> <!-- runLogin -->
        <test-method status="PASS" signature="afterMethod()[pri:0, instance:com.leafBot.testcases.TC_001_CreateLead@5ed7a6]" name="afterMethod" is-config="true" duration-ms="2148" started-at="2019-08-10T11:16:29Z" finished-at="2019-08-10T11:16:31Z">
          <reporter-output>
          </reporter-output>
        </test-method> <!-- afterMethod -->
        <test-method status="PASS" signature="beforeMethod()[pri:0, instance:com.leafBot.testcases.TC_001_CreateLead@5ed7a6]" name="beforeMethod" is-config="true" duration-ms="5961" started-at="2019-08-10T11:16:31Z" finished-at="2019-08-10T11:16:37Z">
          <reporter-output>
          </reporter-output>
        </test-method> <!-- beforeMethod -->
        <test-method status="PASS" signature="runLogin(java.lang.String, java.lang.String, java.lang.String, java.lang.String, java.lang.String)[pri:0, instance:com.leafBot.testcases.TC_001_CreateLead@5ed7a6]" name="runLogin" duration-ms="14161" started-at="2019-08-10T11:16:37Z" data-provider="fetchData" finished-at="2019-08-10T11:16:51Z">
          <params>
            <param index="0">
              <value>
                <![CDATA[DemoCSR]]>
              </value>
            </param>
            <param index="1">
              <value>
                <![CDATA[crmsfa]]>
              </value>
            </param>
            <param index="2">
              <value>
                <![CDATA[ZOHO]]>
              </value>
            </param>
            <param index="3">
              <value>
                <![CDATA[Sandy]]>
              </value>
            </param>
            <param index="4">
              <value>
                <![CDATA[YYYY]]>
              </value>
            </param>
          </params>
          <reporter-output>
          </reporter-output>
        </test-method> <!-- runLogin -->
        <test-method status="PASS" signature="afterMethod()[pri:0, instance:com.leafBot.testcases.TC_001_CreateLead@5ed7a6]" name="afterMethod" is-config="true" duration-ms="2141" started-at="2019-08-10T11:16:51Z" finished-at="2019-08-10T11:16:53Z">
          <reporter-output>
          </reporter-output>
        </test-method> <!-- afterMethod -->
        <test-method status="PASS" signature="tearDownClass()[pri:0, instance:com.leafBot.testcases.TC_001_CreateLead@5ed7a6]" name="tearDownClass" is-config="true" duration-ms="7" started-at="2019-08-10T11:16:53Z" finished-at="2019-08-10T11:16:53Z">
          <reporter-output>
          </reporter-output>
        </test-method> <!-- tearDownClass -->
        <test-method status="PASS" signature="stopReport()[pri:0, instance:com.leafBot.testcases.TC_001_CreateLead@5ed7a6]" name="stopReport" is-config="true" duration-ms="572" started-at="2019-08-10T11:16:53Z" finished-at="2019-08-10T11:16:54Z">
          <reporter-output>
          </reporter-output>
        </test-method> <!-- stopReport -->
      </class> <!-- com.leafBot.testcases.TC_001_CreateLead -->
    </test> <!-- Default test -->
  </suite> <!-- Default suite -->
</testng-results>
